Analysis & Synthesis report for R232i
Tue Oct 07 16:16:03 2025
Quartus Prime Version 20.1.0 Build 711 06/05/2020 SJ Lite Edition


---------------------
; Table of Contents ;
---------------------
  1. Legal Notice
  2. Analysis & Synthesis Summary
  3. Analysis & Synthesis Settings
  4. Parallel Compilation
  5. Analysis & Synthesis Messages
  6. Analysis & Synthesis Suppressed Messages



----------------
; Legal Notice ;
----------------
Copyright (C) 2020  Intel Corporation. All rights reserved.
Your use of Intel Corporation's design tools, logic functions 
and other software and tools, and any partner logic 
functions, and any output files from any of the foregoing 
(including device programming or simulation files), and any 
associated documentation or information are expressly subject 
to the terms and conditions of the Intel Program License 
Subscription Agreement, the Intel Quartus Prime License Agreement,
the Intel FPGA IP License Agreement, or other applicable license
agreement, including, without limitation, that your use is for
the sole purpose of programming logic devices manufactured by
Intel and sold by Intel or its authorized distributors.  Please
refer to the applicable agreement for further details, at
https://fpgasoftware.intel.com/eula.



+---------------------------------------------------------------------------+
; Analysis & Synthesis Summary                                              ;
+-----------------------------+---------------------------------------------+
; Analysis & Synthesis Status ; Failed - Tue Oct 07 16:16:03 2025           ;
; Quartus Prime Version       ; 20.1.0 Build 711 06/05/2020 SJ Lite Edition ;
; Revision Name               ; R232i                                       ;
; Top-level Entity Name       ; RV32i                                       ;
; Family                      ; Cyclone V                                   ;
; Logic utilization (in ALMs) ; N/A until Partition Merge                   ;
; Total registers             ; N/A until Partition Merge                   ;
; Total pins                  ; N/A until Partition Merge                   ;
; Total virtual pins          ; N/A until Partition Merge                   ;
; Total block memory bits     ; N/A until Partition Merge                   ;
; Total PLLs                  ; N/A until Partition Merge                   ;
; Total DLLs                  ; N/A until Partition Merge                   ;
+-----------------------------+---------------------------------------------+


+---------------------------------------------------------------------------------------------------------------------------+
; Analysis & Synthesis Settings                                                                                             ;
+---------------------------------------------------------------------------------+--------------------+--------------------+
; Option                                                                          ; Setting            ; Default Value      ;
+---------------------------------------------------------------------------------+--------------------+--------------------+
; Device                                                                          ; 5CGXFC7C7F23C8     ;                    ;
; Top-level entity name                                                           ; RV32i              ; R232i              ;
; Family name                                                                     ; Cyclone V          ; Cyclone V          ;
; Use smart compilation                                                           ; Off                ; Off                ;
; Enable parallel Assembler and Timing Analyzer during compilation                ; On                 ; On                 ;
; Enable compact report table                                                     ; Off                ; Off                ;
; Restructure Multiplexers                                                        ; Auto               ; Auto               ;
; MLAB Add Timing Constraints For Mixed-Port Feed-Through Mode Setting Don't Care ; Off                ; Off                ;
; Create Debugging Nodes for IP Cores                                             ; Off                ; Off                ;
; Preserve fewer node names                                                       ; On                 ; On                 ;
; Intel FPGA IP Evaluation Mode                                                   ; Enable             ; Enable             ;
; Verilog Version                                                                 ; Verilog_2001       ; Verilog_2001       ;
; VHDL Version                                                                    ; VHDL_1993          ; VHDL_1993          ;
; State Machine Processing                                                        ; Auto               ; Auto               ;
; Safe State Machine                                                              ; Off                ; Off                ;
; Extract Verilog State Machines                                                  ; On                 ; On                 ;
; Extract VHDL State Machines                                                     ; On                 ; On                 ;
; Ignore Verilog initial constructs                                               ; Off                ; Off                ;
; Iteration limit for constant Verilog loops                                      ; 5000               ; 5000               ;
; Iteration limit for non-constant Verilog loops                                  ; 250                ; 250                ;
; Add Pass-Through Logic to Inferred RAMs                                         ; On                 ; On                 ;
; Infer RAMs from Raw Logic                                                       ; On                 ; On                 ;
; Parallel Synthesis                                                              ; On                 ; On                 ;
; DSP Block Balancing                                                             ; Auto               ; Auto               ;
; NOT Gate Push-Back                                                              ; On                 ; On                 ;
; Power-Up Don't Care                                                             ; On                 ; On                 ;
; Remove Redundant Logic Cells                                                    ; Off                ; Off                ;
; Remove Duplicate Registers                                                      ; On                 ; On                 ;
; Ignore CARRY Buffers                                                            ; Off                ; Off                ;
; Ignore CASCADE Buffers                                                          ; Off                ; Off                ;
; Ignore GLOBAL Buffers                                                           ; Off                ; Off                ;
; Ignore ROW GLOBAL Buffers                                                       ; Off                ; Off                ;
; Ignore LCELL Buffers                                                            ; Off                ; Off                ;
; Ignore SOFT Buffers                                                             ; On                 ; On                 ;
; Limit AHDL Integers to 32 Bits                                                  ; Off                ; Off                ;
; Optimization Technique                                                          ; Balanced           ; Balanced           ;
; Carry Chain Length                                                              ; 70                 ; 70                 ;
; Auto Carry Chains                                                               ; On                 ; On                 ;
; Auto Open-Drain Pins                                                            ; On                 ; On                 ;
; Perform WYSIWYG Primitive Resynthesis                                           ; Off                ; Off                ;
; Auto ROM Replacement                                                            ; On                 ; On                 ;
; Auto RAM Replacement                                                            ; On                 ; On                 ;
; Auto DSP Block Replacement                                                      ; On                 ; On                 ;
; Auto Shift Register Replacement                                                 ; Auto               ; Auto               ;
; Allow Shift Register Merging across Hierarchies                                 ; Auto               ; Auto               ;
; Auto Clock Enable Replacement                                                   ; On                 ; On                 ;
; Strict RAM Replacement                                                          ; Off                ; Off                ;
; Allow Synchronous Control Signals                                               ; On                 ; On                 ;
; Force Use of Synchronous Clear Signals                                          ; Off                ; Off                ;
; Auto Resource Sharing                                                           ; Off                ; Off                ;
; Allow Any RAM Size For Recognition                                              ; Off                ; Off                ;
; Allow Any ROM Size For Recognition                                              ; Off                ; Off                ;
; Allow Any Shift Register Size For Recognition                                   ; Off                ; Off                ;
; Use LogicLock Constraints during Resource Balancing                             ; On                 ; On                 ;
; Ignore translate_off and synthesis_off directives                               ; Off                ; Off                ;
; Timing-Driven Synthesis                                                         ; On                 ; On                 ;
; Report Parameter Settings                                                       ; On                 ; On                 ;
; Report Source Assignments                                                       ; On                 ; On                 ;
; Report Connectivity Checks                                                      ; On                 ; On                 ;
; Ignore Maximum Fan-Out Assignments                                              ; Off                ; Off                ;
; Synchronization Register Chain Length                                           ; 3                  ; 3                  ;
; Power Optimization During Synthesis                                             ; Normal compilation ; Normal compilation ;
; HDL message level                                                               ; Level2             ; Level2             ;
; Suppress Register Optimization Related Messages                                 ; Off                ; Off                ;
; Number of Removed Registers Reported in Synthesis Report                        ; 5000               ; 5000               ;
; Number of Swept Nodes Reported in Synthesis Report                              ; 5000               ; 5000               ;
; Number of Inverted Registers Reported in Synthesis Report                       ; 100                ; 100                ;
; Clock MUX Protection                                                            ; On                 ; On                 ;
; Auto Gated Clock Conversion                                                     ; Off                ; Off                ;
; Block Design Naming                                                             ; Auto               ; Auto               ;
; SDC constraint protection                                                       ; Off                ; Off                ;
; Synthesis Effort                                                                ; Auto               ; Auto               ;
; Shift Register Replacement - Allow Asynchronous Clear Signal                    ; On                 ; On                 ;
; Pre-Mapping Resynthesis Optimization                                            ; Off                ; Off                ;
; Analysis & Synthesis Message Level                                              ; Medium             ; Medium             ;
; Disable Register Merging Across Hierarchies                                     ; Auto               ; Auto               ;
; Resource Aware Inference For Block RAM                                          ; On                 ; On                 ;
; Automatic Parallel Synthesis                                                    ; On                 ; On                 ;
; Partial Reconfiguration Bitstream ID                                            ; Off                ; Off                ;
+---------------------------------------------------------------------------------+--------------------+--------------------+


+------------------------------------------+
; Parallel Compilation                     ;
+----------------------------+-------------+
; Processors                 ; Number      ;
+----------------------------+-------------+
; Number detected on machine ; 20          ;
; Maximum allowed            ; 14          ;
;                            ;             ;
; Average used               ; 1.00        ;
; Maximum used               ; 1           ;
;                            ;             ;
; Usage by Processor         ; % Time Used ;
;     Processor 1            ; 100.0%      ;
+----------------------------+-------------+


+-------------------------------+
; Analysis & Synthesis Messages ;
+-------------------------------+
Info: *******************************************************************
Info: Running Quartus Prime Analysis & Synthesis
    Info: Version 20.1.0 Build 711 06/05/2020 SJ Lite Edition
    Info: Processing started: Tue Oct 07 16:15:54 2025
Info: Command: quartus_map --read_settings_files=on --write_settings_files=off R232i -c R232i
Warning (18236): Number of processors has not been specified which may cause overloading on shared machines.  Set the global assignment NUM_PARALLEL_PROCESSORS in your QSF to an appropriate value for best performance.
Info (20030): Parallel compilation is enabled and will use 14 of the 14 processors detected
Info (12021): Found 1 design units, including 1 entities, in source file verilog_code/ula.v
    Info (12023): Found entity 1: ULA File: C:/Users/davi5/UFPI/4_periodo/Topicos/Risc-v-R232I-pipeline-/verilog_code/ULA.v Line: 1
Info (12021): Found 1 design units, including 1 entities, in source file verilog_code/forward_unit.v
    Info (12023): Found entity 1: forward_unit File: C:/Users/davi5/UFPI/4_periodo/Topicos/Risc-v-R232I-pipeline-/verilog_code/forward_unit.v Line: 1
Info (12021): Found 1 design units, including 1 entities, in source file verilog_code/register_bank.v
    Info (12023): Found entity 1: register_bank File: C:/Users/davi5/UFPI/4_periodo/Topicos/Risc-v-R232I-pipeline-/verilog_code/register_bank.v Line: 1
Info (12021): Found 1 design units, including 1 entities, in source file verilog_code/branch decider.v
    Info (12023): Found entity 1: BranchDecider File: C:/Users/davi5/UFPI/4_periodo/Topicos/Risc-v-R232I-pipeline-/verilog_code/Branch Decider.v Line: 1
Info (12021): Found 1 design units, including 1 entities, in source file verilog_code/id_ex.v
    Info (12023): Found entity 1: ID_EX File: C:/Users/davi5/UFPI/4_periodo/Topicos/Risc-v-R232I-pipeline-/verilog_code/ID_EX.v Line: 4
Info (12021): Found 1 design units, including 1 entities, in source file verilog_code/rv32i.v
    Info (12023): Found entity 1: RV32i File: C:/Users/davi5/UFPI/4_periodo/Topicos/Risc-v-R232I-pipeline-/verilog_code/RV32i.v Line: 1
Info (12021): Found 1 design units, including 1 entities, in source file verilog_code/pc.v
    Info (12023): Found entity 1: ProgramCounter File: C:/Users/davi5/UFPI/4_periodo/Topicos/Risc-v-R232I-pipeline-/verilog_code/PC.v Line: 1
Info (12021): Found 1 design units, including 1 entities, in source file verilog_code/if_id.v
    Info (12023): Found entity 1: IF_ID File: C:/Users/davi5/UFPI/4_periodo/Topicos/Risc-v-R232I-pipeline-/verilog_code/IF_ID.v Line: 3
Warning (10236): Verilog HDL Implicit Net warning at RV32i.v(53): created implicit net for "rs1" File: C:/Users/davi5/UFPI/4_periodo/Topicos/Risc-v-R232I-pipeline-/verilog_code/RV32i.v Line: 53
Warning (10236): Verilog HDL Implicit Net warning at RV32i.v(54): created implicit net for "rs2" File: C:/Users/davi5/UFPI/4_periodo/Topicos/Risc-v-R232I-pipeline-/verilog_code/RV32i.v Line: 54
Warning (10236): Verilog HDL Implicit Net warning at RV32i.v(70): created implicit net for "mux_ula" File: C:/Users/davi5/UFPI/4_periodo/Topicos/Risc-v-R232I-pipeline-/verilog_code/RV32i.v Line: 70
Info (12127): Elaborating entity "RV32i" for the top level hierarchy
Warning (10036): Verilog HDL or VHDL warning at RV32i.v(137): object "ULArs1" assigned a value but never read File: C:/Users/davi5/UFPI/4_periodo/Topicos/Risc-v-R232I-pipeline-/verilog_code/RV32i.v Line: 137
Warning (10036): Verilog HDL or VHDL warning at RV32i.v(138): object "ULArs2" assigned a value but never read File: C:/Users/davi5/UFPI/4_periodo/Topicos/Risc-v-R232I-pipeline-/verilog_code/RV32i.v Line: 138
Info (12128): Elaborating entity "IF_ID" for hierarchy "IF_ID:IF_ID" File: C:/Users/davi5/UFPI/4_periodo/Topicos/Risc-v-R232I-pipeline-/verilog_code/RV32i.v Line: 45
Info (12128): Elaborating entity "register_bank" for hierarchy "register_bank:reg_bank" File: C:/Users/davi5/UFPI/4_periodo/Topicos/Risc-v-R232I-pipeline-/verilog_code/RV32i.v Line: 60
Warning (10240): Verilog HDL Always Construct warning at register_bank.v(17): inferring latch(es) for variable "i", which holds its previous value in one or more paths through the always construct File: C:/Users/davi5/UFPI/4_periodo/Topicos/Risc-v-R232I-pipeline-/verilog_code/register_bank.v Line: 17
Info (12128): Elaborating entity "BranchDecider" for hierarchy "BranchDecider:branch_decider" File: C:/Users/davi5/UFPI/4_periodo/Topicos/Risc-v-R232I-pipeline-/verilog_code/RV32i.v Line: 84
Warning (10240): Verilog HDL Always Construct warning at Branch Decider.v(11): inferring latch(es) for variable "Branch", which holds its previous value in one or more paths through the always construct File: C:/Users/davi5/UFPI/4_periodo/Topicos/Risc-v-R232I-pipeline-/verilog_code/Branch Decider.v Line: 11
Info (10041): Inferred latch for "Branch" at Branch Decider.v(11) File: C:/Users/davi5/UFPI/4_periodo/Topicos/Risc-v-R232I-pipeline-/verilog_code/Branch Decider.v Line: 11
Info (12128): Elaborating entity "ProgramCounter" for hierarchy "ProgramCounter:PC" File: C:/Users/davi5/UFPI/4_periodo/Topicos/Risc-v-R232I-pipeline-/verilog_code/RV32i.v Line: 105
Error (10122): Verilog HDL Event Control error at PC.v(10): mixed single- and double-edge expressions are not supported File: C:/Users/davi5/UFPI/4_periodo/Topicos/Risc-v-R232I-pipeline-/verilog_code/PC.v Line: 10
Warning (10235): Verilog HDL Always Construct warning at PC.v(14): variable "Enable" is read inside the Always Construct but isn't in the Always Construct's Event Control File: C:/Users/davi5/UFPI/4_periodo/Topicos/Risc-v-R232I-pipeline-/verilog_code/PC.v Line: 14
Warning (10235): Verilog HDL Always Construct warning at PC.v(15): variable "Control" is read inside the Always Construct but isn't in the Always Construct's Event Control File: C:/Users/davi5/UFPI/4_periodo/Topicos/Risc-v-R232I-pipeline-/verilog_code/PC.v Line: 15
Warning (10235): Verilog HDL Always Construct warning at PC.v(16): variable "pc" is read inside the Always Construct but isn't in the Always Construct's Event Control File: C:/Users/davi5/UFPI/4_periodo/Topicos/Risc-v-R232I-pipeline-/verilog_code/PC.v Line: 16
Warning (10235): Verilog HDL Always Construct warning at PC.v(16): variable "Target" is read inside the Always Construct but isn't in the Always Construct's Event Control File: C:/Users/davi5/UFPI/4_periodo/Topicos/Risc-v-R232I-pipeline-/verilog_code/PC.v Line: 16
Warning (10235): Verilog HDL Always Construct warning at PC.v(19): variable "pc" is read inside the Always Construct but isn't in the Always Construct's Event Control File: C:/Users/davi5/UFPI/4_periodo/Topicos/Risc-v-R232I-pipeline-/verilog_code/PC.v Line: 19
Warning (10240): Verilog HDL Always Construct warning at PC.v(10): inferring latch(es) for variable "pc", which holds its previous value in one or more paths through the always construct File: C:/Users/davi5/UFPI/4_periodo/Topicos/Risc-v-R232I-pipeline-/verilog_code/PC.v Line: 10
Info (10041): Inferred latch for "pc[0]" at PC.v(10) File: C:/Users/davi5/UFPI/4_periodo/Topicos/Risc-v-R232I-pipeline-/verilog_code/PC.v Line: 10
Info (10041): Inferred latch for "pc[1]" at PC.v(10) File: C:/Users/davi5/UFPI/4_periodo/Topicos/Risc-v-R232I-pipeline-/verilog_code/PC.v Line: 10
Info (10041): Inferred latch for "pc[2]" at PC.v(10) File: C:/Users/davi5/UFPI/4_periodo/Topicos/Risc-v-R232I-pipeline-/verilog_code/PC.v Line: 10
Info (10041): Inferred latch for "pc[3]" at PC.v(10) File: C:/Users/davi5/UFPI/4_periodo/Topicos/Risc-v-R232I-pipeline-/verilog_code/PC.v Line: 10
Info (10041): Inferred latch for "pc[4]" at PC.v(10) File: C:/Users/davi5/UFPI/4_periodo/Topicos/Risc-v-R232I-pipeline-/verilog_code/PC.v Line: 10
Info (10041): Inferred latch for "pc[5]" at PC.v(10) File: C:/Users/davi5/UFPI/4_periodo/Topicos/Risc-v-R232I-pipeline-/verilog_code/PC.v Line: 10
Info (10041): Inferred latch for "pc[6]" at PC.v(10) File: C:/Users/davi5/UFPI/4_periodo/Topicos/Risc-v-R232I-pipeline-/verilog_code/PC.v Line: 10
Info (10041): Inferred latch for "pc[7]" at PC.v(10) File: C:/Users/davi5/UFPI/4_periodo/Topicos/Risc-v-R232I-pipeline-/verilog_code/PC.v Line: 10
Info (10041): Inferred latch for "pc[8]" at PC.v(10) File: C:/Users/davi5/UFPI/4_periodo/Topicos/Risc-v-R232I-pipeline-/verilog_code/PC.v Line: 10
Info (10041): Inferred latch for "pc[9]" at PC.v(10) File: C:/Users/davi5/UFPI/4_periodo/Topicos/Risc-v-R232I-pipeline-/verilog_code/PC.v Line: 10
Info (10041): Inferred latch for "pc[10]" at PC.v(10) File: C:/Users/davi5/UFPI/4_periodo/Topicos/Risc-v-R232I-pipeline-/verilog_code/PC.v Line: 10
Info (10041): Inferred latch for "pc[11]" at PC.v(10) File: C:/Users/davi5/UFPI/4_periodo/Topicos/Risc-v-R232I-pipeline-/verilog_code/PC.v Line: 10
Info (10041): Inferred latch for "pc[12]" at PC.v(10) File: C:/Users/davi5/UFPI/4_periodo/Topicos/Risc-v-R232I-pipeline-/verilog_code/PC.v Line: 10
Info (10041): Inferred latch for "pc[13]" at PC.v(10) File: C:/Users/davi5/UFPI/4_periodo/Topicos/Risc-v-R232I-pipeline-/verilog_code/PC.v Line: 10
Info (10041): Inferred latch for "pc[14]" at PC.v(10) File: C:/Users/davi5/UFPI/4_periodo/Topicos/Risc-v-R232I-pipeline-/verilog_code/PC.v Line: 10
Info (10041): Inferred latch for "pc[15]" at PC.v(10) File: C:/Users/davi5/UFPI/4_periodo/Topicos/Risc-v-R232I-pipeline-/verilog_code/PC.v Line: 10
Info (10041): Inferred latch for "pc[16]" at PC.v(10) File: C:/Users/davi5/UFPI/4_periodo/Topicos/Risc-v-R232I-pipeline-/verilog_code/PC.v Line: 10
Info (10041): Inferred latch for "pc[17]" at PC.v(10) File: C:/Users/davi5/UFPI/4_periodo/Topicos/Risc-v-R232I-pipeline-/verilog_code/PC.v Line: 10
Info (10041): Inferred latch for "pc[18]" at PC.v(10) File: C:/Users/davi5/UFPI/4_periodo/Topicos/Risc-v-R232I-pipeline-/verilog_code/PC.v Line: 10
Info (10041): Inferred latch for "pc[19]" at PC.v(10) File: C:/Users/davi5/UFPI/4_periodo/Topicos/Risc-v-R232I-pipeline-/verilog_code/PC.v Line: 10
Info (10041): Inferred latch for "pc[20]" at PC.v(10) File: C:/Users/davi5/UFPI/4_periodo/Topicos/Risc-v-R232I-pipeline-/verilog_code/PC.v Line: 10
Info (10041): Inferred latch for "pc[21]" at PC.v(10) File: C:/Users/davi5/UFPI/4_periodo/Topicos/Risc-v-R232I-pipeline-/verilog_code/PC.v Line: 10
Info (10041): Inferred latch for "pc[22]" at PC.v(10) File: C:/Users/davi5/UFPI/4_periodo/Topicos/Risc-v-R232I-pipeline-/verilog_code/PC.v Line: 10
Info (10041): Inferred latch for "pc[23]" at PC.v(10) File: C:/Users/davi5/UFPI/4_periodo/Topicos/Risc-v-R232I-pipeline-/verilog_code/PC.v Line: 10
Info (10041): Inferred latch for "pc[24]" at PC.v(10) File: C:/Users/davi5/UFPI/4_periodo/Topicos/Risc-v-R232I-pipeline-/verilog_code/PC.v Line: 10
Info (10041): Inferred latch for "pc[25]" at PC.v(10) File: C:/Users/davi5/UFPI/4_periodo/Topicos/Risc-v-R232I-pipeline-/verilog_code/PC.v Line: 10
Info (10041): Inferred latch for "pc[26]" at PC.v(10) File: C:/Users/davi5/UFPI/4_periodo/Topicos/Risc-v-R232I-pipeline-/verilog_code/PC.v Line: 10
Info (10041): Inferred latch for "pc[27]" at PC.v(10) File: C:/Users/davi5/UFPI/4_periodo/Topicos/Risc-v-R232I-pipeline-/verilog_code/PC.v Line: 10
Info (10041): Inferred latch for "pc[28]" at PC.v(10) File: C:/Users/davi5/UFPI/4_periodo/Topicos/Risc-v-R232I-pipeline-/verilog_code/PC.v Line: 10
Info (10041): Inferred latch for "pc[29]" at PC.v(10) File: C:/Users/davi5/UFPI/4_periodo/Topicos/Risc-v-R232I-pipeline-/verilog_code/PC.v Line: 10
Info (10041): Inferred latch for "pc[30]" at PC.v(10) File: C:/Users/davi5/UFPI/4_periodo/Topicos/Risc-v-R232I-pipeline-/verilog_code/PC.v Line: 10
Info (10041): Inferred latch for "pc[31]" at PC.v(10) File: C:/Users/davi5/UFPI/4_periodo/Topicos/Risc-v-R232I-pipeline-/verilog_code/PC.v Line: 10
Error (12152): Can't elaborate user hierarchy "ProgramCounter:PC" File: C:/Users/davi5/UFPI/4_periodo/Topicos/Risc-v-R232I-pipeline-/verilog_code/RV32i.v Line: 105
Info (144001): Generated suppressed messages file C:/Users/davi5/UFPI/4_periodo/Topicos/Risc-v-R232I-pipeline-/output_files/R232i.map.smsg
Error: Quartus Prime Analysis & Synthesis was unsuccessful. 2 errors, 14 warnings
    Error: Peak virtual memory: 4774 megabytes
    Error: Processing ended: Tue Oct 07 16:16:03 2025
    Error: Elapsed time: 00:00:09
    Error: Total CPU time (on all processors): 00:00:26


+------------------------------------------+
; Analysis & Synthesis Suppressed Messages ;
+------------------------------------------+
The suppressed messages can be found in C:/Users/davi5/UFPI/4_periodo/Topicos/Risc-v-R232I-pipeline-/output_files/R232i.map.smsg.


